[LOG] system_create                            : Header version = 2.03.06. Current version = 2.03.06.
[LOG] Manager::init                            : maxchannels = 256 studioflags = 00000006 flags 00000000 extradriverdata 0x0.
[LOG] SystemI::init                            : Initialize version=20306 (149358), maxchannels=256, flags=0x00020000
[LOG] SystemI::setOutputInternal               : Setting output to 'FMOD Core Audio Output'
[LOG] OutputCoreAudio::init                    : Output running 2 channels at 44100Hz sample rate.
[LOG] OutputCoreAudio::init                    : Maximum hardware read size: 512 samples, Software buffer size: 512 samples, Number of software buffers: 4.
[LOG] SystemI::init                            : Output requires a sample rate of 44100Hz, resampling will occur.
[LOG] Thread::initThread                       : Init FMOD stream thread. Affinity: 0x4000000000000003, Priority: 0xFFFF7FFB, Stack Size: 98304, Semaphore: No, Sleep Time: 10, Looping: Yes.
[LOG] SystemI::DSPCodecPoolRegister            : register codec pool for pool type 0
[LOG] Thread::initThread                       : Init FMOD mixer thread. Affinity: 0x4000000000000001, Priority: 0xFFFF7FFA, Stack Size: 81920, Semaphore: Yes, Sleep Time: 0, Looping: Yes.
[LOG] AsyncManager::init                       : manager 0x3a5f01e08 isAsync 0 updatePeriod 0.02
[LOG] AsyncManager::init                       : done
[LOG] PlaybackSystem::init                     : 
[LOG] Thread::initThread                       : Init FMOD Studio sample load thread. Affinity: 0x4000000000000003, Priority: 0xFFFF7FFD, Stack Size: 98304, Semaphore: No, Sleep Time: 1, Looping: No.
[LOG] PlaybackSystem::init                     : done
[LOG] Thread::initThread                       : Init FMOD Studio bank load thread. Affinity: 0x4000000000000003, Priority: 0xFFFF7FFD, Stack Size: 98304, Semaphore: No, Sleep Time: 1, Looping: No.
[LOG] Manager::init                            : done.
[LOG] BankLoader::serializeBank                : fileversion = 146, compatVersion = 146 (oldest = 44, newest = 146)
[LOG] BankLoader::serializeBank                : fileversion = 146, compatVersion = 146 (oldest = 44, newest = 146)
[LOG] PlaybackSystem::acquireMasterBus         : Setting master channel group format to 6
[LOG] BankLoader::serializeBank                : fileversion = 146, compatVersion = 146 (oldest = 44, newest = 146)
[LOG] SystemI::createSound                     : filename = ../TestProj/Build/Desktop/TestBank.bank : mode 02010082
[LOG] SystemI::createSound                     : FMOD_NONBLOCKING specified.  Putting into queue to be opened asynchronously!
[LOG] AsyncThread::add                         : add sound to async queue : soundi = 0x11d65fe18, queue head = 0x12d64e2b8, queue count = 0
[LOG] AsyncThread::threadFunc                  : Starting Asynchronous operation on sound 0x11d65fe18
[LOG] SystemI::createSoundInternal             :     Create name='../TestProj/Build/Desktop/TestBank.bank', mode=0x02010082
[LOG] SystemI::createSoundInternal             :     exinfo->cbsize             = 224
[LOG] SystemI::createSoundInternal             :     exinfo->length             = 1043136
[LOG] SystemI::createSoundInternal             :     exinfo->fileoffset         = 6976
[LOG] SystemI::createSoundInternal             :     exinfo->numsubsounds       = 1
[LOG] SystemI::createSoundInternal             :     exinfo->inclusionlist      = 0x11d63ef18
[LOG] SystemI::createSoundInternal             :     exinfo->inclusionlistnum   = 1
[LOG] SystemI::createSoundInternal             :     exinfo->suggestedsoundtype = 5
[LOG] SystemI::createSoundInternal             :     exinfo->initialseekposition = 2023
[LOG] SystemI::createSoundInternal             :     exinfo->initialseekpostype = 1
[LOG] SystemI::createSoundInternal             :     Stream 0/1: name='Foley & Impact_Preview', format=5, channels=2, frequency=48000, lengthbytes=212576, lengthpcm=804989, pcmblocksize=0, loopstart=0, loopend=0, mode=0x00000000, channelmask=0x00000000, channelorder=0, peakvolume=0.833740.
[LOG] AsyncThread::threadFunc                  : Finished Asynchronous operation on sound 0x11d65fe18
[LOG] SoundI::release                          : Foley & Impact_Preview (0x11d65fe18)
[LOG] SoundI::release                          :     Foley & Impact_Preview (0x11d2e7ac8)
[LOG] SoundI::release                          :     Foley & Impact_Preview (0x11d239148)
[LOG] SystemI::createSound                     : filename = ../TestProj/Build/Desktop/TestBank.bank : mode 02010082
[LOG] SystemI::createSound                     : FMOD_NONBLOCKING specified.  Putting into queue to be opened asynchronously!
[LOG] AsyncThread::add                         : add sound to async queue : soundi = 0x11d65fe18, queue head = 0x12d64e2b8, queue count = 0
[LOG] AsyncThread::threadFunc                  : Starting Asynchronous operation on sound 0x11d65fe18
[LOG] SystemI::createSoundInternal             :     Create name='../TestProj/Build/Desktop/TestBank.bank', mode=0x02010082
[LOG] SystemI::createSoundInternal             :     exinfo->cbsize             = 224
[LOG] SystemI::createSoundInternal             :     exinfo->length             = 1043136
[LOG] SystemI::createSoundInternal             :     exinfo->fileoffset         = 6976
[LOG] SystemI::createSoundInternal             :     exinfo->numsubsounds       = 1
[LOG] SystemI::createSoundInternal             :     exinfo->inclusionlist      = 0x11d63ef18
[LOG] SystemI::createSoundInternal             :     exinfo->inclusionlistnum   = 1
[LOG] SystemI::createSoundInternal             :     exinfo->suggestedsoundtype = 5
[LOG] SystemI::createSoundInternal             :     exinfo->initialseekposition = 2023
[LOG] SystemI::createSoundInternal             :     exinfo->initialseekpostype = 1
[LOG] SystemI::createSoundInternal             :     Stream 0/1: name='Foley & Impact_Preview', format=5, channels=2, frequency=48000, lengthbytes=212576, lengthpcm=804989, pcmblocksize=0, loopstart=0, loopend=0, mode=0x00000000, channelmask=0x00000000, channelorder=0, peakvolume=0.833740.
[LOG] AsyncThread::threadFunc                  : Finished Asynchronous operation on sound 0x11d65fe18
[LOG] SystemI::createSound                     : filename = ../TestProj/Build/Desktop/TestBank.bank : mode 02010082
[LOG] SystemI::createSound                     : FMOD_NONBLOCKING specified.  Putting into queue to be opened asynchronously!
[LOG] AsyncThread::add                         : add sound to async queue : soundi = 0x11d350018, queue head = 0x12d64e2b8, queue count = 0
[LOG] AsyncThread::threadFunc                  : Starting Asynchronous operation on sound 0x11d350018
[LOG] SystemI::createSoundInternal             :     Create name='../TestProj/Build/Desktop/TestBank.bank', mode=0x02010082
[LOG] SystemI::createSoundInternal             :     exinfo->cbsize             = 224
[LOG] SystemI::createSoundInternal             :     exinfo->length             = 1043136
[LOG] SystemI::createSoundInternal             :     exinfo->fileoffset         = 6976
[LOG] SystemI::createSoundInternal             :     exinfo->numsubsounds       = 1
[LOG] SystemI::createSoundInternal             :     exinfo->inclusionlist      = 0x3754885e8
[LOG] SystemI::createSoundInternal             :     exinfo->inclusionlistnum   = 1
[LOG] SystemI::createSoundInternal             :     exinfo->suggestedsoundtype = 5
[LOG] SystemI::createSoundInternal             :     exinfo->initialseekposition = 2023
[LOG] SystemI::createSoundInternal             :     exinfo->initialseekpostype = 1
[LOG] SystemI::createSoundInternal             :     Stream 0/1: name='Foley & Impact_Preview', format=5, channels=2, frequency=48000, lengthbytes=212576, lengthpcm=804989, pcmblocksize=0, loopstart=0, loopend=0, mode=0x00000000, channelmask=0x00000000, channelorder=0, peakvolume=0.833740.
[LOG] AsyncThread::threadFunc                  : Finished Asynchronous operation on sound 0x11d350018
[LOG] SoundI::release                          : Foley & Impact_Preview (0x11d65fe18)
[LOG] SoundI::release                          :     Foley & Impact_Preview (0x38192f858)
[LOG] SoundI::release                          :     Foley & Impact_Preview (0x38192f9d8)
[LOG] SoundI::release                          : Foley & Impact_Preview (0x11d350018)
[LOG] SoundI::release                          :     Foley & Impact_Preview (0x35a75b508)
[LOG] SoundI::release                          :     Foley & Impact_Preview (0x3776e6518)
[LOG] SystemI::createSound                     : filename = ../TestProj/Build/Desktop/TestBank.bank : mode 02010082
[LOG] SystemI::createSound                     : FMOD_NONBLOCKING specified.  Putting into queue to be opened asynchronously!
[LOG] AsyncThread::add                         : add sound to async queue : soundi = 0x11d239148, queue head = 0x12d64e2b8, queue count = 0
[LOG] AsyncThread::threadFunc                  : Starting Asynchronous operation on sound 0x11d239148
[LOG] SystemI::createSoundInternal             :     Create name='../TestProj/Build/Desktop/TestBank.bank', mode=0x02010082
[LOG] SystemI::createSoundInternal             :     exinfo->cbsize             = 224
[LOG] SystemI::createSoundInternal             :     exinfo->length             = 1043136
[LOG] SystemI::createSoundInternal             :     exinfo->fileoffset         = 6976
[LOG] SystemI::createSoundInternal             :     exinfo->numsubsounds       = 1
[LOG] SystemI::createSoundInternal             :     exinfo->inclusionlist      = 0x11d24c0a8
[LOG] SystemI::createSoundInternal             :     exinfo->inclusionlistnum   = 1
[LOG] SystemI::createSoundInternal             :     exinfo->suggestedsoundtype = 5
[LOG] SystemI::createSoundInternal             :     exinfo->initialseekposition = 2023
[LOG] SystemI::createSoundInternal             :     exinfo->initialseekpostype = 1
[LOG] SystemI::createSoundInternal             :     Stream 0/1: name='Foley & Impact_Preview', format=5, channels=2, frequency=48000, lengthbytes=212576, lengthpcm=804989, pcmblocksize=0, loopstart=0, loopend=0, mode=0x00000000, channelmask=0x00000000, channelorder=0, peakvolume=0.833740.
[LOG] AsyncThread::threadFunc                  : Finished Asynchronous operation on sound 0x11d239148
[LOG] SystemI::createSound                     : filename = ../TestProj/Build/Desktop/TestBank.bank : mode 02010082
[LOG] SystemI::createSound                     : FMOD_NONBLOCKING specified.  Putting into queue to be opened asynchronously!
[LOG] AsyncThread::add                         : add sound to async queue : soundi = 0x11d292c38, queue head = 0x12d64e2b8, queue count = 0
[LOG] AsyncThread::threadFunc                  : Starting Asynchronous operation on sound 0x11d292c38
[LOG] SystemI::createSoundInternal             :     Create name='../TestProj/Build/Desktop/TestBank.bank', mode=0x02010082
[LOG] SystemI::createSoundInternal             :     exinfo->cbsize             = 224
[LOG] SystemI::createSoundInternal             :     exinfo->length             = 1043136
[LOG] SystemI::createSoundInternal             :     exinfo->fileoffset         = 6976
[LOG] SystemI::createSoundInternal             :     exinfo->numsubsounds       = 1
[LOG] SystemI::createSoundInternal             :     exinfo->inclusionlist      = 0x11d292508
[LOG] SystemI::createSoundInternal             :     exinfo->inclusionlistnum   = 1
[LOG] SystemI::createSoundInternal             :     exinfo->suggestedsoundtype = 5
[LOG] SystemI::createSoundInternal             :     exinfo->initialseekposition = 2023
[LOG] SystemI::createSoundInternal             :     exinfo->initialseekpostype = 1
[LOG] SystemI::createSoundInternal             :     Stream 0/1: name='Foley & Impact_Preview', format=5, channels=2, frequency=48000, lengthbytes=212576, lengthpcm=804989, pcmblocksize=0, loopstart=0, loopend=0, mode=0x00000000, channelmask=0x00000000, channelorder=0, peakvolume=0.833740.
[LOG] AsyncThread::threadFunc                  : Finished Asynchronous operation on sound 0x11d292c38
[LOG] SoundI::release                          : Foley & Impact_Preview (0x11d239148)
[LOG] SoundI::release                          :     Foley & Impact_Preview (0x12d784b98)
[LOG] SoundI::release                          :     Foley & Impact_Preview (0x12d77b438)
[LOG] SystemI::createSound                     : filename = ../TestProj/Build/Desktop/TestBank.bank : mode 02010082
[LOG] SystemI::createSound                     : FMOD_NONBLOCKING specified.  Putting into queue to be opened asynchronously!
[LOG] AsyncThread::add                         : add sound to async queue : soundi = 0x11d350018, queue head = 0x12d64e2b8, queue count = 0
[LOG] AsyncThread::threadFunc                  : Starting Asynchronous operation on sound 0x11d350018
[LOG] SystemI::createSoundInternal             :     Create name='../TestProj/Build/Desktop/TestBank.bank', mode=0x02010082
[LOG] SystemI::createSoundInternal             :     exinfo->cbsize             = 224
[LOG] SystemI::createSoundInternal             :     exinfo->length             = 1043136
[LOG] SystemI::createSoundInternal             :     exinfo->fileoffset         = 6976
[LOG] SystemI::createSoundInternal             :     exinfo->numsubsounds       = 1
[LOG] SystemI::createSoundInternal             :     exinfo->inclusionlist      = 0x3754885e8
[LOG] SystemI::createSoundInternal             :     exinfo->inclusionlistnum   = 1
[LOG] SystemI::createSoundInternal             :     exinfo->suggestedsoundtype = 5
[LOG] SystemI::createSoundInternal             :     exinfo->initialseekposition = 2023
[LOG] SystemI::createSoundInternal             :     exinfo->initialseekpostype = 1
[LOG] SystemI::createSoundInternal             :     Stream 0/1: name='Foley & Impact_Preview', format=5, channels=2, frequency=48000, lengthbytes=212576, lengthpcm=804989, pcmblocksize=0, loopstart=0, loopend=0, mode=0x00000000, channelmask=0x00000000, channelorder=0, peakvolume=0.833740.
[LOG] AsyncThread::threadFunc                  : Finished Asynchronous operation on sound 0x11d350018
[LOG] SoundI::release                          : Foley & Impact_Preview (0x11d350018)
[LOG] SoundI::release                          :     Foley & Impact_Preview (0x382e1a098)
[LOG] SoundI::release                          :     Foley & Impact_Preview (0x382ef3378)
[LOG] SoundI::release                          : Foley & Impact_Preview (0x11d292c38)
[LOG] SoundI::release                          :     Foley & Impact_Preview (0x12d791fc8)
[LOG] SoundI::release                          :     Foley & Impact_Preview (0x12d794b98)
[LOG] SystemI::createSound                     : filename = ../TestProj/Build/Desktop/TestBank.bank : mode 02010082
[LOG] SystemI::createSound                     : FMOD_NONBLOCKING specified.  Putting into queue to be opened asynchronously!
[LOG] AsyncThread::add                         : add sound to async queue : soundi = 0x3776e6518, queue head = 0x12d64e2b8, queue count = 0
[LOG] AsyncThread::threadFunc                  : Starting Asynchronous operation on sound 0x3776e6518
[LOG] SystemI::createSoundInternal             :     Create name='../TestProj/Build/Desktop/TestBank.bank', mode=0x02010082
[LOG] SystemI::createSoundInternal             :     exinfo->cbsize             = 224
[LOG] SystemI::createSoundInternal             :     exinfo->length             = 1043136
[LOG] SystemI::createSoundInternal             :     exinfo->fileoffset         = 6976
[LOG] SystemI::createSoundInternal             :     exinfo->numsubsounds       = 1
[LOG] SystemI::createSoundInternal             :     exinfo->inclusionlist      = 0x35a753778
[LOG] SystemI::createSoundInternal             :     exinfo->inclusionlistnum   = 1
[LOG] SystemI::createSoundInternal             :     exinfo->suggestedsoundtype = 5
[LOG] SystemI::createSoundInternal             :     exinfo->initialseekposition = 2023
[LOG] SystemI::createSoundInternal             :     exinfo->initialseekpostype = 1
[LOG] SystemI::createSoundInternal             :     Stream 0/1: name='Foley & Impact_Preview', format=5, channels=2, frequency=48000, lengthbytes=212576, lengthpcm=804989, pcmblocksize=0, loopstart=0, loopend=0, mode=0x00000000, channelmask=0x00000000, channelorder=0, peakvolume=0.833740.
[LOG] AsyncThread::threadFunc                  : Finished Asynchronous operation on sound 0x3776e6518
[LOG] SystemI::createSound                     : filename = ../TestProj/Build/Desktop/TestBank.bank : mode 02010082
[LOG] SystemI::createSound                     : FMOD_NONBLOCKING specified.  Putting into queue to be opened asynchronously!
[LOG] AsyncThread::add                         : add sound to async queue : soundi = 0x3819300e8, queue head = 0x12d64e2b8, queue count = 0
[LOG] AsyncThread::threadFunc                  : Starting Asynchronous operation on sound 0x3819300e8
[LOG] SystemI::createSoundInternal             :     Create name='../TestProj/Build/Desktop/TestBank.bank', mode=0x02010082
[LOG] SystemI::createSoundInternal             :     exinfo->cbsize             = 224
[LOG] SystemI::createSoundInternal             :     exinfo->length             = 1043136
[LOG] SystemI::createSoundInternal             :     exinfo->fileoffset         = 6976
[LOG] SystemI::createSoundInternal             :     exinfo->numsubsounds       = 1
[LOG] SystemI::createSoundInternal             :     exinfo->inclusionlist      = 0x381932508
[LOG] SystemI::createSoundInternal             :     exinfo->inclusionlistnum   = 1
[LOG] SystemI::createSoundInternal             :     exinfo->suggestedsoundtype = 5
[LOG] SystemI::createSoundInternal             :     exinfo->initialseekposition = 2023
[LOG] SystemI::createSoundInternal             :     exinfo->initialseekpostype = 1
[LOG] SystemI::createSoundInternal             :     Stream 0/1: name='Foley & Impact_Preview', format=5, channels=2, frequency=48000, lengthbytes=212576, lengthpcm=804989, pcmblocksize=0, loopstart=0, loopend=0, mode=0x00000000, channelmask=0x00000000, channelorder=0, peakvolume=0.833740.
[LOG] AsyncThread::threadFunc                  : Finished Asynchronous operation on sound 0x3819300e8
[LOG] SoundI::release                          : Foley & Impact_Preview (0x3776e6518)
[LOG] SoundI::release                          :     Foley & Impact_Preview (0x35b9a9288)
[LOG] SoundI::release                          :     Foley & Impact_Preview (0x383b4c338)
[LOG] SystemI::createSound                     : filename = ../TestProj/Build/Desktop/TestBank.bank : mode 02010082
[LOG] SystemI::createSound                     : FMOD_NONBLOCKING specified.  Putting into queue to be opened asynchronously!
[LOG] AsyncThread::add                         : add sound to async queue : soundi = 0x3776e6518, queue head = 0x12d64e2b8, queue count = 0
[LOG] AsyncThread::threadFunc                  : Starting Asynchronous operation on sound 0x3776e6518
[LOG] SystemI::createSoundInternal             :     Create name='../TestProj/Build/Desktop/TestBank.bank', mode=0x02010082
[LOG] SystemI::createSoundInternal             :     exinfo->cbsize             = 224
[LOG] SystemI::createSoundInternal             :     exinfo->length             = 1043136
[LOG] SystemI::createSoundInternal             :     exinfo->fileoffset         = 6976
[LOG] SystemI::createSoundInternal             :     exinfo->numsubsounds       = 1
[LOG] SystemI::createSoundInternal             :     exinfo->inclusionlist      = 0x35a753778
[LOG] SystemI::createSoundInternal             :     exinfo->inclusionlistnum   = 1
[LOG] SystemI::createSoundInternal             :     exinfo->suggestedsoundtype = 5
[LOG] SystemI::createSoundInternal             :     exinfo->initialseekposition = 2023
[LOG] SystemI::createSoundInternal             :     exinfo->initialseekpostype = 1
[LOG] SystemI::createSoundInternal             :     Stream 0/1: name='Foley & Impact_Preview', format=5, channels=2, frequency=48000, lengthbytes=212576, lengthpcm=804989, pcmblocksize=0, loopstart=0, loopend=0, mode=0x00000000, channelmask=0x00000000, channelorder=0, peakvolume=0.833740.
[LOG] AsyncThread::threadFunc                  : Finished Asynchronous operation on sound 0x3776e6518
[LOG] SoundI::release                          : Foley & Impact_Preview (0x3819300e8)
[LOG] SoundI::release                          :     Foley & Impact_Preview (0x35b144cf8)
[LOG] SoundI::release                          :     Foley & Impact_Preview (0x11d292c38)
[LOG] SystemI::createSound                     : filename = ../TestProj/Build/Desktop/TestBank.bank : mode 02010082
[LOG] SystemI::createSound                     : FMOD_NONBLOCKING specified.  Putting into queue to be opened asynchronously!
[LOG] AsyncThread::add                         : add sound to async queue : soundi = 0x380ff3458, queue head = 0x12d64e2b8, queue count = 0
[LOG] AsyncThread::threadFunc                  : Starting Asynchronous operation on sound 0x380ff3458
[LOG] SystemI::createSoundInternal             :     Create name='../TestProj/Build/Desktop/TestBank.bank', mode=0x02010082
[LOG] SystemI::createSoundInternal             :     exinfo->cbsize             = 224
[LOG] SystemI::createSoundInternal             :     exinfo->length             = 1043136
[LOG] SystemI::createSoundInternal             :     exinfo->fileoffset         = 6976
[LOG] SystemI::createSoundInternal             :     exinfo->numsubsounds       = 1
[LOG] SystemI::createSoundInternal             :     exinfo->inclusionlist      = 0x380ff3728
[LOG] SystemI::createSoundInternal             :     exinfo->inclusionlistnum   = 1
[LOG] SystemI::createSoundInternal             :     exinfo->suggestedsoundtype = 5
[LOG] SystemI::createSoundInternal             :     exinfo->initialseekposition = 2023
[LOG] SystemI::createSoundInternal             :     exinfo->initialseekpostype = 1
[LOG] SystemI::createSoundInternal             :     Stream 0/1: name='Foley & Impact_Preview', format=5, channels=2, frequency=48000, lengthbytes=212576, lengthpcm=804989, pcmblocksize=0, loopstart=0, loopend=0, mode=0x00000000, channelmask=0x00000000, channelorder=0, peakvolume=0.833740.
[LOG] AsyncThread::threadFunc                  : Finished Asynchronous operation on sound 0x380ff3458
[LOG] SoundI::release                          : Foley & Impact_Preview (0x3776e6518)
[LOG] SoundI::release                          :     Foley & Impact_Preview (0x380f474d8)
[LOG] SoundI::release                          :     Foley & Impact_Preview (0x380f95b88)
[LOG] SoundI::release                          : Foley & Impact_Preview (0x380ff3458)
[LOG] SoundI::release                          :     Foley & Impact_Preview (0x35a75b508)
[LOG] SoundI::release                          :     Foley & Impact_Preview (0x3776e9dd8)
[LOG] SystemI::createSound                     : filename = ../TestProj/Build/Desktop/TestBank.bank : mode 02010082
[LOG] SystemI::createSound                     : FMOD_NONBLOCKING specified.  Putting into queue to be opened asynchronously!
[LOG] AsyncThread::add                         : add sound to async queue : soundi = 0x11d292c38, queue head = 0x12d64e2b8, queue count = 0
[LOG] AsyncThread::threadFunc                  : Starting Asynchronous operation on sound 0x11d292c38
[LOG] SystemI::createSoundInternal             :     Create name='../TestProj/Build/Desktop/TestBank.bank', mode=0x02010082
[LOG] SystemI::createSoundInternal             :     exinfo->cbsize             = 224
[LOG] SystemI::createSoundInternal             :     exinfo->length             = 1043136
[LOG] SystemI::createSoundInternal             :     exinfo->fileoffset         = 6976
[LOG] SystemI::createSoundInternal             :     exinfo->numsubsounds       = 1
[LOG] SystemI::createSoundInternal             :     exinfo->inclusionlist      = 0x11d292508
[LOG] SystemI::createSoundInternal             :     exinfo->inclusionlistnum   = 1
[LOG] SystemI::createSoundInternal             :     exinfo->suggestedsoundtype = 5
[LOG] SystemI::createSoundInternal             :     exinfo->initialseekposition = 2023
[LOG] SystemI::createSoundInternal             :     exinfo->initialseekpostype = 1
[LOG] SystemI::createSoundInternal             :     Stream 0/1: name='Foley & Impact_Preview', format=5, channels=2, frequency=48000, lengthbytes=212576, lengthpcm=804989, pcmblocksize=0, loopstart=0, loopend=0, mode=0x00000000, channelmask=0x00000000, channelorder=0, peakvolume=0.833740.
[LOG] AsyncThread::threadFunc                  : Finished Asynchronous operation on sound 0x11d292c38
[LOG] SystemI::createSound                     : filename = ../TestProj/Build/Desktop/TestBank.bank : mode 02010082
[LOG] SystemI::createSound                     : FMOD_NONBLOCKING specified.  Putting into queue to be opened asynchronously!
[LOG] AsyncThread::add                         : add sound to async queue : soundi = 0x382eb9c68, queue head = 0x12d64e2b8, queue count = 0
[LOG] AsyncThread::threadFunc                  : Starting Asynchronous operation on sound 0x382eb9c68
[LOG] SystemI::createSoundInternal             :     Create name='../TestProj/Build/Desktop/TestBank.bank', mode=0x02010082
[LOG] SystemI::createSoundInternal             :     exinfo->cbsize             = 224
[LOG] SystemI::createSoundInternal             :     exinfo->length             = 1043136
[LOG] SystemI::createSoundInternal             :     exinfo->fileoffset         = 6976
[LOG] SystemI::createSoundInternal             :     exinfo->numsubsounds       = 1
[LOG] SystemI::createSoundInternal             :     exinfo->inclusionlist      = 0x382e2b4b8
[LOG] SystemI::createSoundInternal             :     exinfo->inclusionlistnum   = 1
[LOG] SystemI::createSoundInternal             :     exinfo->suggestedsoundtype = 5
[LOG] SystemI::createSoundInternal             :     exinfo->initialseekposition = 2023
[LOG] SystemI::createSoundInternal             :     exinfo->initialseekpostype = 1
[LOG] SystemI::createSoundInternal             :     Stream 0/1: name='Foley & Impact_Preview', format=5, channels=2, frequency=48000, lengthbytes=212576, lengthpcm=804989, pcmblocksize=0, loopstart=0, loopend=0, mode=0x00000000, channelmask=0x00000000, channelorder=0, peakvolume=0.833740.
[LOG] AsyncThread::threadFunc                  : Finished Asynchronous operation on sound 0x382eb9c68
[LOG] SoundI::release                          : Foley & Impact_Preview (0x11d292c38)
[LOG] SoundI::release                          :     Foley & Impact_Preview (0x387a65e88)
[LOG] SoundI::release                          :     Foley & Impact_Preview (0x11d65fe18)
[LOG] SoundI::release                          : Foley & Impact_Preview (0x382eb9c68)
[LOG] SoundI::release                          :     Foley & Impact_Preview (0x3765fd5f8)
[LOG] SoundI::release                          :     Foley & Impact_Preview (0x11d350018)
[LOG] SystemI::createSound                     : filename = ../TestProj/Build/Desktop/TestBank.bank : mode 02010082
[LOG] SystemI::createSound                     : FMOD_NONBLOCKING specified.  Putting into queue to be opened asynchronously!
[LOG] AsyncThread::add                         : add sound to async queue : soundi = 0x11d448158, queue head = 0x12d64e2b8, queue count = 0
[LOG] AsyncThread::threadFunc                  : Starting Asynchronous operation on sound 0x11d448158
[LOG] SystemI::createSoundInternal             :     Create name='../TestProj/Build/Desktop/TestBank.bank', mode=0x02010082
[LOG] SystemI::createSoundInternal             :     exinfo->cbsize             = 224
[LOG] SystemI::createSoundInternal             :     exinfo->length             = 1043136
[LOG] SystemI::createSoundInternal             :     exinfo->fileoffset         = 6976
[LOG] SystemI::createSoundInternal             :     exinfo->numsubsounds       = 1
[LOG] SystemI::createSoundInternal             :     exinfo->inclusionlist      = 0x380f1a288
[LOG] SystemI::createSoundInternal             :     exinfo->inclusionlistnum   = 1
[LOG] SystemI::createSoundInternal             :     exinfo->suggestedsoundtype = 5
[LOG] SystemI::createSoundInternal             :     exinfo->initialseekposition = 2023
[LOG] SystemI::createSoundInternal             :     exinfo->initialseekpostype = 1
[LOG] SystemI::createSoundInternal             :     Stream 0/1: name='Foley & Impact_Preview', format=5, channels=2, frequency=48000, lengthbytes=212576, lengthpcm=804989, pcmblocksize=0, loopstart=0, loopend=0, mode=0x00000000, channelmask=0x00000000, channelorder=0, peakvolume=0.833740.
[LOG] AsyncThread::threadFunc                  : Finished Asynchronous operation on sound 0x11d448158
[LOG] SystemI::createSound                     : filename = ../TestProj/Build/Desktop/TestBank.bank : mode 02010082
[LOG] SystemI::createSound                     : FMOD_NONBLOCKING specified.  Putting into queue to be opened asynchronously!
[LOG] AsyncThread::add                         : add sound to async queue : soundi = 0x12d794b98, queue head = 0x12d64e2b8, queue count = 0
[LOG] AsyncThread::threadFunc                  : Starting Asynchronous operation on sound 0x12d794b98
[LOG] SystemI::createSoundInternal             :     Create name='../TestProj/Build/Desktop/TestBank.bank', mode=0x02010082
[LOG] SystemI::createSoundInternal             :     exinfo->cbsize             = 224
[LOG] SystemI::createSoundInternal             :     exinfo->length             = 1043136
[LOG] SystemI::createSoundInternal             :     exinfo->fileoffset         = 6976
[LOG] SystemI::createSoundInternal             :     exinfo->numsubsounds       = 1
[LOG] SystemI::createSoundInternal             :     exinfo->inclusionlist      = 0x3a7c37d68
[LOG] SystemI::createSoundInternal             :     exinfo->inclusionlistnum   = 1
[LOG] SystemI::createSoundInternal             :     exinfo->suggestedsoundtype = 5
[LOG] SystemI::createSoundInternal             :     exinfo->initialseekposition = 2023
[LOG] SystemI::createSoundInternal             :     exinfo->initialseekpostype = 1
[LOG] SystemI::createSoundInternal             :     Stream 0/1: name='Foley & Impact_Preview', format=5, channels=2, frequency=48000, lengthbytes=212576, lengthpcm=804989, pcmblocksize=0, loopstart=0, loopend=0, mode=0x00000000, channelmask=0x00000000, channelorder=0, peakvolume=0.833740.
[LOG] AsyncThread::threadFunc                  : Finished Asynchronous operation on sound 0x12d794b98
[LOG] SoundI::release                          : Foley & Impact_Preview (0x11d448158)
[LOG] SoundI::release                          :     Foley & Impact_Preview (0x382e64208)
[LOG] SoundI::release                          :     Foley & Impact_Preview (0x382eb9c68)
[LOG] SoundI::release                          : Foley & Impact_Preview (0x12d794b98)
[LOG] SoundI::release                          :     Foley & Impact_Preview (0x387a65e88)
[LOG] SoundI::release                          :     Foley & Impact_Preview (0x11d65fe18)
[LOG] SystemI::createSound                     : filename = ../TestProj/Build/Desktop/TestBank.bank : mode 02010082
[LOG] SystemI::createSound                     : FMOD_NONBLOCKING specified.  Putting into queue to be opened asynchronously!
[LOG] AsyncThread::add                         : add sound to async queue : soundi = 0x12d794b98, queue head = 0x12d64e2b8, queue count = 0
[LOG] AsyncThread::threadFunc                  : Starting Asynchronous operation on sound 0x12d794b98
[LOG] SystemI::createSoundInternal             :     Create name='../TestProj/Build/Desktop/TestBank.bank', mode=0x02010082
[LOG] SystemI::createSoundInternal             :     exinfo->cbsize             = 224
[LOG] SystemI::createSoundInternal             :     exinfo->length             = 1043136
[LOG] SystemI::createSoundInternal             :     exinfo->fileoffset         = 6976
[LOG] SystemI::createSoundInternal             :     exinfo->numsubsounds       = 1
[LOG] SystemI::createSoundInternal             :     exinfo->inclusionlist      = 0x3a7c37d68
[LOG] SystemI::createSoundInternal             :     exinfo->inclusionlistnum   = 1
[LOG] SystemI::createSoundInternal             :     exinfo->suggestedsoundtype = 5
[LOG] SystemI::createSoundInternal             :     exinfo->initialseekposition = 2023
[LOG] SystemI::createSoundInternal             :     exinfo->initialseekpostype = 1
[LOG] SystemI::createSoundInternal             :     Stream 0/1: name='Foley & Impact_Preview', format=5, channels=2, frequency=48000, lengthbytes=212576, lengthpcm=804989, pcmblocksize=0, loopstart=0, loopend=0, mode=0x00000000, channelmask=0x00000000, channelorder=0, peakvolume=0.833740.
[LOG] AsyncThread::threadFunc                  : Finished Asynchronous operation on sound 0x12d794b98
[LOG] SoundI::release                          : Foley & Impact_Preview (0x12d794b98)
[LOG] SoundI::release                          :     Foley & Impact_Preview (0x387a65e88)
[LOG] SoundI::release                          :     Foley & Impact_Preview (0x11d65fe18)
[LOG] Thread::callback                         : FMOD Studio update thread finished.
[LOG] Thread::callback                         : FMOD Studio bank load thread finished.
[LOG] Profile::disconnectAll                   : Profiler disconnecting all clients
[LOG] Thread::callback                         : FMOD Studio sample load thread finished.
[LOG] LiveUpdate::release                      : 
[LOG] LiveUpdate::reset                        : Reset connection (reason Disconnected)
[LOG] Thread::callback                         : FMOD stream thread finished.
[LOG] Thread::callback                         : FMOD mixer thread finished.
[LOG] Profile::disconnectAll                   : Profiler disconnecting all clients
[LOG] SystemI::closeInternal                   : Closed.
